{"C:\\Users\\ingrid.dossantos\\Desktop\\mutação\\src\\concurso.js": {"path":"C:\\Users\\ingrid.dossantos\\Desktop\\mutação\\src\\concurso.js","statementMap":{"0":{"start":{"line":2,"column":17},"end":{"line":2,"column":68}},"1":{"start":{"line":3,"column":18},"end":{"line":3,"column":65}},"2":{"start":{"line":5,"column":2},"end":{"line":9,"column":3}},"3":{"start":{"line":6,"column":4},"end":{"line":6,"column":19}},"4":{"start":{"line":8,"column":4},"end":{"line":8,"column":18}},"5":{"start":{"line":12,"column":0},"end":{"line":12,"column":26}}},"fnMap":{"0":{"name":"concurso","decl":{"start":{"line":1,"column":9},"end":{"line":1,"column":17}},"loc":{"start":{"line":1,"column":33},"end":{"line":10,"column":1}},"line":1}},"branchMap":{"0":{"loc":{"start":{"line":5,"column":2},"end":{"line":9,"column":3}},"type":"if","locations":[{"start":{"line":5,"column":2},"end":{"line":9,"column":3}},{"start":{"line":7,"column":9},"end":{"line":9,"column":3}}],"line":5},"1":{"loc":{"start":{"line":5,"column":6},"end":{"line":5,"column":35}},"type":"binary-expr","locations":[{"start":{"line":5,"column":6},"end":{"line":5,"column":17}},{"start":{"line":5,"column":21},"end":{"line":5,"column":35}}],"line":5}},"s":{"0":3,"1":3,"2":3,"3":2,"4":1,"5":1},"f":{"0":3},"b":{"0":[2,1],"1":[3,3]},"_coverageSchema":"1a1c01bbd47fc00a2c39e90264f33305004495a9","hash":"e7268662ac70c5b0638bed8ad941f183f4d5a387"}
}
